[debug] [2023-06-28T05:13:26.857Z] ----------------------------------------------------------------------
[debug] [2023-06-28T05:13:26.859Z] Command:       C:\Program Files\nodejs\node.exe C:\Users\axitd\AppData\Roaming\npm\node_modules\firebase-tools\lib\bin\firebase.js deploy
[debug] [2023-06-28T05:13:26.859Z] CLI Version:   12.4.1
[debug] [2023-06-28T05:13:26.859Z] Platform:      win32
[debug] [2023-06-28T05:13:26.859Z] Node Version:  v16.17.1
[debug] [2023-06-28T05:13:26.860Z] Time:          Wed Jun 28 2023 10:43:26 GMT+0530 (India Standard Time)
[debug] [2023-06-28T05:13:26.860Z] ----------------------------------------------------------------------
[debug] 
[debug] [2023-06-28T05:13:26.921Z] > command requires scopes: ["email","openid","https://www.googleapis.com/auth/cloudplatformprojects.readonly","https://www.googleapis.com/auth/firebase","https://www.googleapis.com/auth/cloud-platform"]
[debug] [2023-06-28T05:13:26.921Z] > authorizing via signed-in user (axitdudhat35@gmail.com)
[debug] [2023-06-28T05:13:26.921Z] [iam] checking project dairy-37cbb for permissions ["firebase.projects.get","firebasehosting.sites.update"]
[debug] [2023-06-28T05:13:26.923Z] >>> [apiv2][query] POST https://cloudresourcemanager.googleapis.com/v1/projects/dairy-37cbb:testIamPermissions [none]
[debug] [2023-06-28T05:13:26.923Z] >>> [apiv2][(partial)header] POST https://cloudresourcemanager.googleapis.com/v1/projects/dairy-37cbb:testIamPermissions x-goog-quota-user=projects/dairy-37cbb
[debug] [2023-06-28T05:13:26.924Z] >>> [apiv2][body] POST https://cloudresourcemanager.googleapis.com/v1/projects/dairy-37cbb:testIamPermissions {"permissions":["firebase.projects.get","firebasehosting.sites.update"]}
[debug] [2023-06-28T05:13:28.464Z] <<< [apiv2][status] POST https://cloudresourcemanager.googleapis.com/v1/projects/dairy-37cbb:testIamPermissions 200
[debug] [2023-06-28T05:13:28.465Z] <<< [apiv2][body] POST https://cloudresourcemanager.googleapis.com/v1/projects/dairy-37cbb:testIamPermissions {"permissions":["firebase.projects.get","firebasehosting.sites.update"]}
[debug] [2023-06-28T05:13:28.466Z] >>> [apiv2][query] GET https://firebase.googleapis.com/v1beta1/projects/dairy-37cbb [none]
[debug] [2023-06-28T05:13:28.988Z] <<< [apiv2][status] GET https://firebase.googleapis.com/v1beta1/projects/dairy-37cbb 200
[debug] [2023-06-28T05:13:28.988Z] <<< [apiv2][body] GET https://firebase.googleapis.com/v1beta1/projects/dairy-37cbb {"projectId":"dairy-37cbb","projectNumber":"658474122941","displayName":"Dairy","name":"projects/dairy-37cbb","resources":{"hostingSite":"dairy-37cbb"},"state":"ACTIVE","etag":"1_d959c876-1ead-429f-9001-9a3aad8a70fb"}
[info] 
[info] === Deploying to 'dairy-37cbb'...
[info] 
[info] i  deploying hosting 
[debug] [2023-06-28T05:13:29.015Z] >>> [apiv2][query] POST https://firebasehosting.googleapis.com/v1beta1/projects/-/sites/dairy-37cbb/versions [none]
[debug] [2023-06-28T05:13:29.015Z] >>> [apiv2][body] POST https://firebasehosting.googleapis.com/v1beta1/projects/-/sites/dairy-37cbb/versions {"status":"CREATED","labels":{"deployment-tool":"cli-firebase"}}
